<?xml version="1.0" encoding="UTF-8"?>
<!-- Generated by org.testng.reporters.JUnitReportReporter -->
<testsuite hostname="Jessica" failures="0" tests="1" name="tests.LoginTest" time="30.481" errors="0" timestamp="2021-03-24T08:18:35 EDT" skipped="0">
  <testcase classname="tests.LoginTest" name="testLogin" time="30.481"/>
  <system-out/>
</testsuite> <!-- tests.LoginTest -->
